Forwarding from [::1]:27017 -> 27017
* Verifying dashboard health ...
* Launching proxy ...
* Verifying proxy health ...
* Opening http://127.0.0.1:65342/api/v1/namespaces/kube-system/services/http:kubernetes-dashboard:/proxy/ in your default browser...
* Mounting host path /Users/michaelmellouk/dersalvador/docker-images-saved into VM as /mounted/docker-images-saved ...
  - Mount type:   <no value>
  - User ID:      docker
  - Group ID:     docker
  - Version:      9p2000.L
  - Message Size: 262144
  - Permissions:  755 (-rwxr-xr-x)
  - Options:      map[]
* Userspace file server: ufs starting
* Successfully mounted /Users/michaelmellouk/dersalvador/docker-images-saved to /mounted/docker-images-saved

* NOTE: This process must stay alive for the mount to be accessible ...
E0829 00:42:10.277792   59252 portforward.go:233] lost connection to pod
* Mounting host path /Users/michaelmellouk/dersalvador/docker-images-saved into VM as /mounted/docker-images-saved ...
  - Mount type:   <no value>
  - User ID:      docker
  - Group ID:     docker
  - Version:      9p2000.L
  - Message Size: 262144
  - Permissions:  755 (-rwxr-xr-x)
  - Options:      map[]
* Userspace file server: ufs starting
* Successfully mounted /Users/michaelmellouk/dersalvador/docker-images-saved to /mounted/docker-images-saved

* NOTE: This process must stay alive for the mount to be accessible ...
Forwarding from [::1]:27017 -> 27017
* Verifying dashboard health ...
* Launching proxy ...
* Verifying proxy health ...
* Opening http://127.0.0.1:56432/api/v1/namespaces/kube-system/services/http:kubernetes-dashboard:/proxy/ in your default browser...
* Mounting host path /Users/michaelmellouk/dersalvador/docker-images-saved into VM as /mounted/docker-images-saved ...
  - Mount type:   <no value>
  - User ID:      docker
  - Group ID:     docker
  - Version:      9p2000.L
  - Message Size: 262144
  - Permissions:  755 (-rwxr-xr-x)
  - Options:      map[]
* Userspace file server: ufs starting
* Successfully mounted /Users/michaelmellouk/dersalvador/docker-images-saved to /mounted/docker-images-saved

* NOTE: This process must stay alive for the mount to be accessible ...
Handling connection for 27017
Handling connection for 27017
Handling connection for 27017
E0904 13:10:35.267906   52021 portforward.go:233] lost connection to pod
* Unmounting /mounted/docker-images-saved ...
* Unmounting /mounted/docker-images-saved ...
* Failed unmount: : NewSession: EOF
X Received terminated signal
* Failed unmount: : NewSession: read tcp 192.168.64.1:56458->192.168.64.239:22: read: operation timed out
X Received terminated signal
Forwarding from [::1]:27017 -> 27017
* Verifying dashboard health ...
* Launching proxy ...
* Verifying proxy health ...
* Opening http://127.0.0.1:52052/api/v1/namespaces/kube-system/services/http:kubernetes-dashboard:/proxy/ in your default browser...
Handling connection for 27017
Handling connection for 27017
Handling connection for 27017
Handling connection for 27017
Handling connection for 27017
Handling connection for 27017
